Using pre-set license
Built from '2020.3/staging' branch; Version is '2020.3.22f1 (e1a7f79fd887) revision 14788599'; Using compiler version '192528614'; Build Type 'Release'
OS: 'Windows 10 Pro; OS build 19042.1348; Version 2009; 64bit' Language: 'hu' Physical Memory: 7908 MB
BatchMode: 1, IsHumanControllingUs: 0, StartBugReporterOnCrash: 0, Is64bit: 1, IsPro: 0

COMMAND LINE ARGUMENTS:
C:\Program Files\Unity\Hub\Editor\2020.3.22f1\Editor\Unity.exe
-adb2
-batchMode
-noUpm
-name
AssetImportWorker0
-projectPath
C:/Users/swipe/Desktop/Unity/Top Down Shooter
-logFile
Logs/AssetImportWorker0.log
-srvPort
53773
Successfully changed project path to: C:/Users/swipe/Desktop/Unity/Top Down Shooter
C:/Users/swipe/Desktop/Unity/Top Down Shooter
Using Asset Import Pipeline V2.
Refreshing native plugins compatible for Editor in 141.92 ms, found 3 plugins.
Preloading 0 native plugins for Editor in 0.00 ms.
Initialize engine version: 2020.3.22f1 (e1a7f79fd887)
[Subsystems] Discovering subsystems at path C:/Program Files/Unity/Hub/Editor/2020.3.22f1/Editor/Data/Resources/UnitySubsystems
[Subsystems] Discovering subsystems at path C:/Users/swipe/Desktop/Unity/Top Down Shooter/Assets
GfxDevice: creating device client; threaded=0
Direct3D:
    Version:  Direct3D 11.0 [level 11.1]
    Renderer: NVIDIA GeForce MX250 (ID=0x1d13)
    Vendor:   
    VRAM:     1983 MB
    Driver:   26.21.14.4137
Initialize mono
Mono path[0] = 'C:/Program Files/Unity/Hub/Editor/2020.3.22f1/Editor/Data/Managed'
Mono path[1] = 'C:/Program Files/Unity/Hub/Editor/2020.3.22f1/Editor/Data/MonoBleedingEdge/lib/mono/unityjit'
Mono config path = 'C:/Program Files/Unity/Hub/Editor/2020.3.22f1/Editor/Data/MonoBleedingEdge/etc'
Using monoOptions --debugger-agent=transport=dt_socket,embedding=1,server=y,suspend=n,address=127.0.0.1:56412
Begin MonoManager ReloadAssembly
Registering precompiled unity dll's ...
Register platform support module: C:/Program Files/Unity/Hub/Editor/2020.3.22f1/Editor/Data/PlaybackEngines/WindowsStandaloneSupport/UnityEditor.WindowsStandalone.Extensions.dll
Registered in 0.003557 seconds.
Native extension for WindowsStandalone target not found
Refreshing native plugins compatible for Editor in 129.85 ms, found 3 plugins.
Preloading 0 native plugins for Editor in 0.00 ms.
Mono: successfully reloaded assembly
- Completed reload, in  2.086 seconds
Domain Reload Profiling:
	ReloadAssembly (2086ms)
		BeginReloadAssembly (91ms)
			ExecutionOrderSort (0ms)
			DisableScriptedObjects (0ms)
			BackupInstance (0ms)
			ReleaseScriptingObjects (0ms)
			CreateAndSetChildDomain (1ms)
		EndReloadAssembly (957ms)
			LoadAssemblies (87ms)
			RebuildTransferFunctionScriptingTraits (0ms)
			SetupTypeCache (372ms)
			ReleaseScriptCaches (0ms)
			RebuildScriptCaches (54ms)
			SetupLoadedEditorAssemblies (356ms)
				LogAssemblyErrors (0ms)
				InitializePlatformSupportModulesInManaged (7ms)
				SetLoadedEditorAssemblies (0ms)
				RefreshPlugins (130ms)
				BeforeProcessingInitializeOnLoad (28ms)
				ProcessInitializeOnLoadAttributes (142ms)
				ProcessInitializeOnLoadMethodAttributes (49ms)
				AfterProcessingInitializeOnLoad (0ms)
				EditorAssembliesLoaded (0ms)
			ExecutionOrderSort2 (0ms)
			AwakeInstancesAfterBackupRestoration (0ms)
Platform modules already initialized, skipping
Registering precompiled user dll's ...
Registered in 0.007854 seconds.
Begin MonoManager ReloadAssembly
Native extension for WindowsStandalone target not found
Refreshing native plugins compatible for Editor in 122.22 ms, found 3 plugins.
Preloading 0 native plugins for Editor in 0.00 ms.
Mono: successfully reloaded assembly
- Completed reload, in  2.031 seconds
Domain Reload Profiling:
	ReloadAssembly (2033ms)
		BeginReloadAssembly (249ms)
			ExecutionOrderSort (0ms)
			DisableScriptedObjects (8ms)
			BackupInstance (0ms)
			ReleaseScriptingObjects (0ms)
			CreateAndSetChildDomain (29ms)
		EndReloadAssembly (1674ms)
			LoadAssemblies (157ms)
			RebuildTransferFunctionScriptingTraits (0ms)
			SetupTypeCache (538ms)
			ReleaseScriptCaches (1ms)
			RebuildScriptCaches (84ms)
			SetupLoadedEditorAssemblies (671ms)
				LogAssemblyErrors (0ms)
				InitializePlatformSupportModulesInManaged (7ms)
				SetLoadedEditorAssemblies (0ms)
				RefreshPlugins (122ms)
				BeforeProcessingInitializeOnLoad (139ms)
				ProcessInitializeOnLoadAttributes (361ms)
				ProcessInitializeOnLoadMethodAttributes (30ms)
				AfterProcessingInitializeOnLoad (11ms)
				EditorAssembliesLoaded (0ms)
			ExecutionOrderSort2 (0ms)
			AwakeInstancesAfterBackupRestoration (12ms)
Platform modules already initialized, skipping
========================================================================
Worker process is ready to serve import requests
Launched and connected shader compiler UnityShaderCompiler.exe after 0.11 seconds
Refreshing native plugins compatible for Editor in 1.19 ms, found 3 plugins.
Preloading 0 native plugins for Editor in 0.00 ms.
Unloading 2183 Unused Serialized files (Serialized files now loaded: 0)
System memory in use before: 97.7 MB.
System memory in use after: 97.8 MB.

Unloading 28 unused Assets to reduce memory usage. Loaded Objects now: 2616.
Total: 5.971500 ms (FindLiveObjects: 0.332000 ms CreateObjectMapping: 0.145000 ms MarkObjects: 5.387500 ms  DeleteObjects: 0.104900 ms)

AssetImportParameters requested are different than current active one (requested -> active):
  custom:framework-win-MediaFoundation: 216162199b28c13a410421893ffa2e32 -> 
  custom:video-decoder-ogg-theora: a1e56fd34408186e4bbccfd4996cb3dc -> 
  custom:container-muxer-webm: aa71ff27fc2769a1b78a27578f13a17b -> 
  custom:container-demuxer-webm: 4f35f7cbe854078d1ac9338744f61a02 -> 
  custom:container-demuxer-ogg: 62fdf1f143b41e24485cea50d1cbac27 -> 
  custom:video-encoder-webm-vp8: eb34c28f22e8b96e1ab97ce403110664 -> 
  custom:video-decoder-webm-vp8: 9c59270c3fd7afecdb556c50c9e8de78 -> 
  custom:audio-decoder-ogg-vorbis: bf7c407c2cedff20999df2af8eb42d56 -> 
  custom:audio-encoder-webm-vorbis: bf7c407c2cedff20999df2af8eb42d56 -> 
========================================================================
Received Import Request.
  path: Assets/Scenes/SampleScene.unity
  artifactKey: Guid(2cda990e2423bbf4892e6590ba056729) Importer(815301076,1909f56bfc062723c751e8b465ee728b)
Start importing Assets/Scenes/SampleScene.unity using Guid(2cda990e2423bbf4892e6590ba056729) Importer(815301076,1909f56bfc062723c751e8b465ee728b)  -> (artifact id: '745ac3ea0ef882ab55b3cee36e3fb7fa') in 0.029085 seconds 
  Import took 0.034998 seconds .

========================================================================
Received Import Request.
  Time since last request: 16.512472 seconds.
  path: Assets/ShooterSpritePack/Prefabs
  artifactKey: Guid(29e4b8357d8a4f448a1dce151aa91195) Importer(815301076,1909f56bfc062723c751e8b465ee728b)
Start importing Assets/ShooterSpritePack/Prefabs using Guid(29e4b8357d8a4f448a1dce151aa91195) Importer(815301076,1909f56bfc062723c751e8b465ee728b)  -> (artifact id: '8734119bf038a970f3570bc90ed6cc06') in 0.013004 seconds 
  Import took 0.018781 seconds .

========================================================================
Received Import Request.
  Time since last request: 1.537592 seconds.
  path: Assets/ShooterSpritePack/Prefabs/SoldierCover.prefab
  artifactKey: Guid(cf933abc45fc81843a61c7ca70114e9c) Importer(815301076,1909f56bfc062723c751e8b465ee728b)
Start importing Assets/ShooterSpritePack/Prefabs/SoldierCover.prefab using Guid(cf933abc45fc81843a61c7ca70114e9c) Importer(815301076,1909f56bfc062723c751e8b465ee728b)  -> (artifact id: 'af914d84933475bfbed895bec0e817b8') in 0.173796 seconds 
  Import took 0.180008 seconds .

========================================================================
Received Import Request.
  Time since last request: 0.000358 seconds.
  path: Assets/ShooterSpritePack/Prefabs/SoldierDeath0.prefab
  artifactKey: Guid(72879919546cd5b4f9cee9bdee20bf6e) Importer(815301076,1909f56bfc062723c751e8b465ee728b)
Start importing Assets/ShooterSpritePack/Prefabs/SoldierDeath0.prefab using Guid(72879919546cd5b4f9cee9bdee20bf6e) Importer(815301076,1909f56bfc062723c751e8b465ee728b)  -> (artifact id: '12ed73632db860065f0abb6afb409d85') in 0.024987 seconds 
  Import took 0.031401 seconds .

========================================================================
Received Import Request.
  Time since last request: 0.000377 seconds.
  path: Assets/ShooterSpritePack/Prefabs/SoldierDeath1.prefab
  artifactKey: Guid(da13d17fab26c6143ab0d81c9650a8cc) Importer(815301076,1909f56bfc062723c751e8b465ee728b)
Start importing Assets/ShooterSpritePack/Prefabs/SoldierDeath1.prefab using Guid(da13d17fab26c6143ab0d81c9650a8cc) Importer(815301076,1909f56bfc062723c751e8b465ee728b)  -> (artifact id: 'd13ce2f38f3d55b7e80c43f098ce1e34') in 0.025954 seconds 
  Import took 0.032134 seconds .

========================================================================
Received Import Request.
  Time since last request: 0.000325 seconds.
  path: Assets/ShooterSpritePack/Prefabs/SoldierLean.prefab
  artifactKey: Guid(ada510be92f323c4a88fc864007f0621) Importer(815301076,1909f56bfc062723c751e8b465ee728b)
Start importing Assets/ShooterSpritePack/Prefabs/SoldierLean.prefab using Guid(ada510be92f323c4a88fc864007f0621) Importer(815301076,1909f56bfc062723c751e8b465ee728b)  -> (artifact id: 'c5b8ce6a4ade8ebb448dcd1237dc3e2d') in 0.030469 seconds 
  Import took 0.037136 seconds .

========================================================================
Received Import Request.
  Time since last request: 0.000444 seconds.
  path: Assets/ShooterSpritePack/Prefabs/SoldierWalk.prefab
  artifactKey: Guid(816ec972959427243845c4776a0a7dea) Importer(815301076,1909f56bfc062723c751e8b465ee728b)
Start importing Assets/ShooterSpritePack/Prefabs/SoldierWalk.prefab using Guid(816ec972959427243845c4776a0a7dea) Importer(815301076,1909f56bfc062723c751e8b465ee728b)  -> (artifact id: 'f33e670770590798b7f9b5f82310081e') in 0.029268 seconds 
  Import took 0.036187 seconds .

========================================================================
Received Import Request.
  Time since last request: 0.000293 seconds.
  path: Assets/ShooterSpritePack/Prefabs/SoldierExplode.prefab
  artifactKey: Guid(77a1482e2f5b2c64bbfe7e9ceb9aeb2a) Importer(815301076,1909f56bfc062723c751e8b465ee728b)
Start importing Assets/ShooterSpritePack/Prefabs/SoldierExplode.prefab using Guid(77a1482e2f5b2c64bbfe7e9ceb9aeb2a) Importer(815301076,1909f56bfc062723c751e8b465ee728b)  -> (artifact id: 'a52e87337d5f038557c2f31a00c756d3') in 0.023212 seconds 
  Import took 0.030353 seconds .

========================================================================
Received Import Request.
  Time since last request: 0.000292 seconds.
  path: Assets/ShooterSpritePack/Prefabs/SoldierProne.prefab
  artifactKey: Guid(13e049b898efa0a4c878a3cf7f55150e) Importer(815301076,1909f56bfc062723c751e8b465ee728b)
Start importing Assets/ShooterSpritePack/Prefabs/SoldierProne.prefab using Guid(13e049b898efa0a4c878a3cf7f55150e) Importer(815301076,1909f56bfc062723c751e8b465ee728b)  -> (artifact id: 'bc3c1b5e5b47f80c3d9035cd018b9111') in 0.026329 seconds 
  Import took 0.032746 seconds .

========================================================================
Received Import Request.
  Time since last request: 0.000298 seconds.
  path: Assets/ShooterSpritePack/Prefabs/SoldierDeath.prefab
  artifactKey: Guid(7376db443f9d6b148a482427a30fc6b0) Importer(815301076,1909f56bfc062723c751e8b465ee728b)
Start importing Assets/ShooterSpritePack/Prefabs/SoldierDeath.prefab using Guid(7376db443f9d6b148a482427a30fc6b0) Importer(815301076,1909f56bfc062723c751e8b465ee728b)  -> (artifact id: 'e6594e2c5e9b14fbb396b28d97e33d2f') in 0.028224 seconds 
  Import took 0.035015 seconds .

========================================================================
Received Import Request.
  Time since last request: 0.000308 seconds.
  path: Assets/ShooterSpritePack/Prefabs/SoldierRun.prefab
  artifactKey: Guid(f882787480dd40f4ca94b6a421dd0a05) Importer(815301076,1909f56bfc062723c751e8b465ee728b)
Start importing Assets/ShooterSpritePack/Prefabs/SoldierRun.prefab using Guid(f882787480dd40f4ca94b6a421dd0a05) Importer(815301076,1909f56bfc062723c751e8b465ee728b)  -> (artifact id: '7c691f87aaf31a2dcabb96c85006336b') in 0.025284 seconds 
  Import took 0.032402 seconds .

========================================================================
Received Import Request.
  Time since last request: 32.006338 seconds.
  path: Assets/ShooterSpritePack/Prefabs/rock.prefab
  artifactKey: Guid(97c4cf7f88eb2f24691924d074be2e29) Importer(815301076,1909f56bfc062723c751e8b465ee728b)
Start importing Assets/ShooterSpritePack/Prefabs/rock.prefab using Guid(97c4cf7f88eb2f24691924d074be2e29) Importer(815301076,1909f56bfc062723c751e8b465ee728b)  -> (artifact id: 'd58255977cacf6ab8e2cd7fff487569a') in 0.015740 seconds 
  Import took 0.022751 seconds .

========================================================================
Received Import Request.
  Time since last request: 0.447637 seconds.
  path: Assets/ShooterSpritePack/Prefabs/bush.prefab
  artifactKey: Guid(5671a1d2b6f04c7438b5ea0486f6b3ab) Importer(815301076,1909f56bfc062723c751e8b465ee728b)
Start importing Assets/ShooterSpritePack/Prefabs/bush.prefab using Guid(5671a1d2b6f04c7438b5ea0486f6b3ab) Importer(815301076,1909f56bfc062723c751e8b465ee728b)  -> (artifact id: 'dff0390b3ff64f58892c2b7798ec6ef1') in 0.013748 seconds 
  Import took 0.019530 seconds .

========================================================================
Received Import Request.
  Time since last request: 0.000396 seconds.
  path: Assets/ShooterSpritePack/Prefabs/lava.prefab
  artifactKey: Guid(140bc3e2f36f2b841bb373e489846129) Importer(815301076,1909f56bfc062723c751e8b465ee728b)
Start importing Assets/ShooterSpritePack/Prefabs/lava.prefab using Guid(140bc3e2f36f2b841bb373e489846129) Importer(815301076,1909f56bfc062723c751e8b465ee728b)  -> (artifact id: '021e3187fcab14bea1fcefc2d2df912c') in 0.013155 seconds 
  Import took 0.019286 seconds .

========================================================================
Received Import Request.
  Time since last request: 35.458691 seconds.
  path: Assets/Palettes/Default.prefab
  artifactKey: Guid(a961e5f4b5c2559418d0a188a92dc063) Importer(815301076,1909f56bfc062723c751e8b465ee728b)
Start importing Assets/Palettes/Default.prefab using Guid(a961e5f4b5c2559418d0a188a92dc063) Importer(815301076,1909f56bfc062723c751e8b465ee728b)  -> (artifact id: '7d1a997d5600273e64faf8f8ec96413b') in 1.636587 seconds 
  Import took 1.688580 seconds .

========================================================================
Received Import Request.
  Time since last request: 0.000368 seconds.
  path: Assets/Palettes/Sprites
  artifactKey: Guid(9d7b21f010514d34db62daadfaac3eab) Importer(815301076,1909f56bfc062723c751e8b465ee728b)
Start importing Assets/Palettes/Sprites using Guid(9d7b21f010514d34db62daadfaac3eab) Importer(815301076,1909f56bfc062723c751e8b465ee728b)  -> (artifact id: '517b754edc9f158360ecdf458f7a9186') in 0.010162 seconds 
  Import took 0.016390 seconds .

========================================================================
Received Import Request.
  Time since last request: 0.000366 seconds.
  path: Assets/Palettes/Sprites/sheet.png
  artifactKey: Guid(b8e84444ed45ce14ba5bcb4a6a3fba73) Importer(815301076,1909f56bfc062723c751e8b465ee728b)
Start importing Assets/Palettes/Sprites/sheet.png using Guid(b8e84444ed45ce14ba5bcb4a6a3fba73) Importer(815301076,1909f56bfc062723c751e8b465ee728b)  -> (artifact id: 'e2b85674fbd21240bba3d32f00137305') in 1.095728 seconds 
  Import took 1.103695 seconds .

========================================================================
Received Import Request.
  Time since last request: 0.000322 seconds.
  path: Assets/Palettes/Sprites/terrain_3.png
  artifactKey: Guid(5186e57da0afe4642aa552cefedd1c80) Importer(815301076,1909f56bfc062723c751e8b465ee728b)
Start importing Assets/Palettes/Sprites/terrain_3.png using Guid(5186e57da0afe4642aa552cefedd1c80) Importer(815301076,1909f56bfc062723c751e8b465ee728b)  -> (artifact id: 'd5e1894466bff41474f0dd0171bab750') in 8.932092 seconds 
  Import took 8.954241 seconds .

========================================================================
Received Import Request.
  Time since last request: 49.582477 seconds.
  path: Assets/ShooterSpritePack/bush.prefab
  artifactKey: Guid(633c2969255078c4ca8027ce4ba882a3) Importer(815301076,1909f56bfc062723c751e8b465ee728b)
Start importing Assets/ShooterSpritePack/bush.prefab using Guid(633c2969255078c4ca8027ce4ba882a3) Importer(815301076,1909f56bfc062723c751e8b465ee728b)  -> (artifact id: '890b6e9125f2393a554276fe813c65df') in 0.051642 seconds 
  Import took 0.059347 seconds .

========================================================================
Received Import Request.
  Time since last request: 10.968107 seconds.
  path: Assets/Palettes/Sprites/bush.png
  artifactKey: Guid(e619f9d2de6d03541b8f784847c2ba78) Importer(815301076,1909f56bfc062723c751e8b465ee728b)
Start importing Assets/Palettes/Sprites/bush.png using Guid(e619f9d2de6d03541b8f784847c2ba78) Importer(815301076,1909f56bfc062723c751e8b465ee728b)  -> (artifact id: '161b5201f7140c60d3c0776d0226f26b') in 0.018755 seconds 
  Import took 0.026088 seconds .

========================================================================
Received Import Request.
  Time since last request: 0.000429 seconds.
  path: Assets/Palettes/Sprites/rocky.png
  artifactKey: Guid(e599738edb89a7149afe722deaceaa7a) Importer(815301076,1909f56bfc062723c751e8b465ee728b)
Start importing Assets/Palettes/Sprites/rocky.png using Guid(e599738edb89a7149afe722deaceaa7a) Importer(815301076,1909f56bfc062723c751e8b465ee728b)  -> (artifact id: 'b9332a601ea5e45f87731cd76f76f2da') in 0.024144 seconds 
  Import took 0.030430 seconds .

========================================================================
Received Import Request.
  Time since last request: 0.000408 seconds.
  path: Assets/Palettes/Sprites/lava.png
  artifactKey: Guid(4fe9d951e5cab10409a999c00acbae70) Importer(815301076,1909f56bfc062723c751e8b465ee728b)
Start importing Assets/Palettes/Sprites/lava.png using Guid(4fe9d951e5cab10409a999c00acbae70) Importer(815301076,1909f56bfc062723c751e8b465ee728b)  -> (artifact id: 'bebb6c2e35f8fb469387557f6a66d314') in 0.027302 seconds 
  Import took 0.035716 seconds .

========================================================================
Received Import Request.
  Time since last request: 29.257655 seconds.
  path: Assets/ShooterSpritePack/Prefabs/lava.prefab
  artifactKey: Guid(140bc3e2f36f2b841bb373e489846129) Importer(815301076,1909f56bfc062723c751e8b465ee728b)
Start importing Assets/ShooterSpritePack/Prefabs/lava.prefab using Guid(140bc3e2f36f2b841bb373e489846129) Importer(815301076,1909f56bfc062723c751e8b465ee728b)  -> (artifact id: '23fcd192cb0d2bfc54a26400b287839b') in 0.019071 seconds 
  Import took 0.025966 seconds .

========================================================================
Received Import Request.
  Time since last request: 35.833249 seconds.
  path: Assets/ShooterSpritePack/Prefabs/rocky.prefab
  artifactKey: Guid(53a4c38271305ae4ab56315396ff5e83) Importer(815301076,1909f56bfc062723c751e8b465ee728b)
Start importing Assets/ShooterSpritePack/Prefabs/rocky.prefab using Guid(53a4c38271305ae4ab56315396ff5e83) Importer(815301076,1909f56bfc062723c751e8b465ee728b)  -> (artifact id: '1664dce0000efa0dc87707a592a80144') in 0.018351 seconds 
  Import took 0.025259 seconds .

========================================================================
Received Import Request.
  Time since last request: 77.680146 seconds.
  path: Assets/ShooterSpritePack/Prefabs/bush.prefab
  artifactKey: Guid(633c2969255078c4ca8027ce4ba882a3) Importer(815301076,1909f56bfc062723c751e8b465ee728b)
Start importing Assets/ShooterSpritePack/Prefabs/bush.prefab using Guid(633c2969255078c4ca8027ce4ba882a3) Importer(815301076,1909f56bfc062723c751e8b465ee728b)  -> (artifact id: '756c7b04aea4a735ddb7db961ce8d2c2') in 0.014962 seconds 
  Import took 0.021762 seconds .

========================================================================
Received Import Request.
  Time since last request: 1.618604 seconds.
  path: Assets/ShooterSpritePack/Prefabs/bush.prefab
  artifactKey: Guid(633c2969255078c4ca8027ce4ba882a3) Importer(815301076,1909f56bfc062723c751e8b465ee728b)
Start importing Assets/ShooterSpritePack/Prefabs/bush.prefab using Guid(633c2969255078c4ca8027ce4ba882a3) Importer(815301076,1909f56bfc062723c751e8b465ee728b)  -> (artifact id: '913ae2046ce7f2b379452cdf96a3a5ed') in 0.014749 seconds 
  Import took 0.021272 seconds .

========================================================================
Received Import Request.
  Time since last request: 3.062894 seconds.
  path: Assets/ShooterSpritePack/Prefabs/bush.prefab
  artifactKey: Guid(633c2969255078c4ca8027ce4ba882a3) Importer(815301076,1909f56bfc062723c751e8b465ee728b)
Start importing Assets/ShooterSpritePack/Prefabs/bush.prefab using Guid(633c2969255078c4ca8027ce4ba882a3) Importer(815301076,1909f56bfc062723c751e8b465ee728b)  -> (artifact id: '086de7b4bd3805bdf4488a0cdb74b3e2') in 0.014327 seconds 
  Import took 0.021393 seconds .

========================================================================
Received Import Request.
  Time since last request: 4.357067 seconds.
  path: Assets/ShooterSpritePack/Prefabs/lava.prefab
  artifactKey: Guid(140bc3e2f36f2b841bb373e489846129) Importer(815301076,1909f56bfc062723c751e8b465ee728b)
Start importing Assets/ShooterSpritePack/Prefabs/lava.prefab using Guid(140bc3e2f36f2b841bb373e489846129) Importer(815301076,1909f56bfc062723c751e8b465ee728b)  -> (artifact id: 'd7e78fbcbcc670d76c1a37a46d3df776') in 0.015988 seconds 
  Import took 0.022730 seconds .

========================================================================
Received Import Request.
  Time since last request: 3.277623 seconds.
  path: Assets/ShooterSpritePack/Prefabs/lava.prefab
  artifactKey: Guid(140bc3e2f36f2b841bb373e489846129) Importer(815301076,1909f56bfc062723c751e8b465ee728b)
Start importing Assets/ShooterSpritePack/Prefabs/lava.prefab using Guid(140bc3e2f36f2b841bb373e489846129) Importer(815301076,1909f56bfc062723c751e8b465ee728b)  -> (artifact id: 'a53304a93e5571da553cfc3353187739') in 0.014342 seconds 
  Import took 0.020660 seconds .

========================================================================
Received Import Request.
  Time since last request: 1.631314 seconds.
  path: Assets/ShooterSpritePack/Prefabs/lava.prefab
  artifactKey: Guid(140bc3e2f36f2b841bb373e489846129) Importer(815301076,1909f56bfc062723c751e8b465ee728b)
Start importing Assets/ShooterSpritePack/Prefabs/lava.prefab using Guid(140bc3e2f36f2b841bb373e489846129) Importer(815301076,1909f56bfc062723c751e8b465ee728b)  -> (artifact id: '970493d65bf1be646f3a3d11ff16ad46') in 0.014307 seconds 
  Import took 0.020596 seconds .

========================================================================
Received Import Request.
  Time since last request: 7.500994 seconds.
  path: Assets/ShooterSpritePack/Prefabs/rocky.prefab
  artifactKey: Guid(53a4c38271305ae4ab56315396ff5e83) Importer(815301076,1909f56bfc062723c751e8b465ee728b)
Start importing Assets/ShooterSpritePack/Prefabs/rocky.prefab using Guid(53a4c38271305ae4ab56315396ff5e83) Importer(815301076,1909f56bfc062723c751e8b465ee728b)  -> (artifact id: '4888a40ec5b48d3f082fb629b9899537') in 0.013655 seconds 
  Import took 0.020123 seconds .

========================================================================
Received Import Request.
  Time since last request: 1.291221 seconds.
  path: Assets/ShooterSpritePack/Prefabs/rocky.prefab
  artifactKey: Guid(53a4c38271305ae4ab56315396ff5e83) Importer(815301076,1909f56bfc062723c751e8b465ee728b)
Start importing Assets/ShooterSpritePack/Prefabs/rocky.prefab using Guid(53a4c38271305ae4ab56315396ff5e83) Importer(815301076,1909f56bfc062723c751e8b465ee728b)  -> (artifact id: '8db29b1c0b3f2bf28e2dcc144b0f209a') in 0.013297 seconds 
  Import took 0.020204 seconds .

========================================================================
Received Import Request.
  Time since last request: 4.914740 seconds.
  path: Assets/ShooterSpritePack/Prefabs/rocky.prefab
  artifactKey: Guid(53a4c38271305ae4ab56315396ff5e83) Importer(815301076,1909f56bfc062723c751e8b465ee728b)
Start importing Assets/ShooterSpritePack/Prefabs/rocky.prefab using Guid(53a4c38271305ae4ab56315396ff5e83) Importer(815301076,1909f56bfc062723c751e8b465ee728b)  -> (artifact id: '8f21c280871c9589db77532439f6429e') in 0.013851 seconds 
  Import took 0.020785 seconds .

========================================================================
Received Prepare
Registering precompiled user dll's ...
Registered in 0.008858 seconds.
Begin MonoManager ReloadAssembly
Native extension for WindowsStandalone target not found
Refreshing native plugins compatible for Editor in 1.28 ms, found 3 plugins.
Preloading 0 native plugins for Editor in 0.00 ms.
Mono: successfully reloaded assembly
- Completed reload, in  1.910 seconds
Domain Reload Profiling:
	ReloadAssembly (1911ms)
		BeginReloadAssembly (240ms)
			ExecutionOrderSort (0ms)
			DisableScriptedObjects (11ms)
			BackupInstance (0ms)
			ReleaseScriptingObjects (0ms)
			CreateAndSetChildDomain (80ms)
		EndReloadAssembly (1547ms)
			LoadAssemblies (180ms)
			RebuildTransferFunctionScriptingTraits (0ms)
			SetupTypeCache (561ms)
			ReleaseScriptCaches (1ms)
			RebuildScriptCaches (77ms)
			SetupLoadedEditorAssemblies (548ms)
				LogAssemblyErrors (0ms)
				InitializePlatformSupportModulesInManaged (9ms)
				SetLoadedEditorAssemblies (1ms)
				RefreshPlugins (1ms)
				BeforeProcessingInitializeOnLoad (154ms)
				ProcessInitializeOnLoadAttributes (353ms)
				ProcessInitializeOnLoadMethodAttributes (19ms)
				AfterProcessingInitializeOnLoad (10ms)
				EditorAssembliesLoaded (0ms)
			ExecutionOrderSort2 (0ms)
			AwakeInstancesAfterBackupRestoration (16ms)
Platform modules already initialized, skipping
Refreshing native plugins compatible for Editor in 1.17 ms, found 3 plugins.
Preloading 0 native plugins for Editor in 0.00 ms.
Unloading 2172 Unused Serialized files (Serialized files now loaded: 0)
System memory in use before: 104.4 MB.
System memory in use after: 104.5 MB.

Unloading 17 unused Assets to reduce memory usage. Loaded Objects now: 2635.
Total: 5.887200 ms (FindLiveObjects: 0.345100 ms CreateObjectMapping: 0.130700 ms MarkObjects: 5.379300 ms  DeleteObjects: 0.030000 ms)

AssetImportParameters requested are different than current active one (requested -> active):
  custom:framework-win-MediaFoundation: 216162199b28c13a410421893ffa2e32 -> 
  custom:video-decoder-ogg-theora: a1e56fd34408186e4bbccfd4996cb3dc -> 
  custom:container-muxer-webm: aa71ff27fc2769a1b78a27578f13a17b -> 
  custom:container-demuxer-webm: 4f35f7cbe854078d1ac9338744f61a02 -> 
  custom:container-demuxer-ogg: 62fdf1f143b41e24485cea50d1cbac27 -> 
  custom:video-encoder-webm-vp8: eb34c28f22e8b96e1ab97ce403110664 -> 
  custom:video-decoder-webm-vp8: 9c59270c3fd7afecdb556c50c9e8de78 -> 
  custom:audio-decoder-ogg-vorbis: bf7c407c2cedff20999df2af8eb42d56 -> 
  custom:audio-encoder-webm-vorbis: bf7c407c2cedff20999df2af8eb42d56 -> 
========================================================================
Received Import Request.
  Time since last request: 58.640657 seconds.
  path: Assets/ShooterSpritePack/Prefabs/bush.prefab
  artifactKey: Guid(633c2969255078c4ca8027ce4ba882a3) Importer(815301076,1909f56bfc062723c751e8b465ee728b)
Start importing Assets/ShooterSpritePack/Prefabs/bush.prefab using Guid(633c2969255078c4ca8027ce4ba882a3) Importer(815301076,1909f56bfc062723c751e8b465ee728b)  -> (artifact id: '92dd152732a933448114e237f2048a16') in 0.119541 seconds 
  Import took 0.127179 seconds .

========================================================================
Received Import Request.
  Time since last request: 3.915872 seconds.
  path: Assets/ShooterSpritePack/Prefabs/bush.prefab
  artifactKey: Guid(633c2969255078c4ca8027ce4ba882a3) Importer(815301076,1909f56bfc062723c751e8b465ee728b)
Start importing Assets/ShooterSpritePack/Prefabs/bush.prefab using Guid(633c2969255078c4ca8027ce4ba882a3) Importer(815301076,1909f56bfc062723c751e8b465ee728b)  -> (artifact id: '384698e1c80dae077a0f9554919d06a2') in 0.014864 seconds 
  Import took 0.022732 seconds .

========================================================================
Received Import Request.
  Time since last request: 5.454581 seconds.
  path: Assets/ShooterSpritePack/Prefabs/bush.prefab
  artifactKey: Guid(633c2969255078c4ca8027ce4ba882a3) Importer(815301076,1909f56bfc062723c751e8b465ee728b)
Start importing Assets/ShooterSpritePack/Prefabs/bush.prefab using Guid(633c2969255078c4ca8027ce4ba882a3) Importer(815301076,1909f56bfc062723c751e8b465ee728b)  -> (artifact id: 'b88d90043d7af96e2bc01860e22b853f') in 0.014734 seconds 
  Import took 0.021173 seconds .

========================================================================
Received Import Request.
  Time since last request: 4.430320 seconds.
  path: Assets/ShooterSpritePack/Prefabs/bush.prefab
  artifactKey: Guid(633c2969255078c4ca8027ce4ba882a3) Importer(815301076,1909f56bfc062723c751e8b465ee728b)
Start importing Assets/ShooterSpritePack/Prefabs/bush.prefab using Guid(633c2969255078c4ca8027ce4ba882a3) Importer(815301076,1909f56bfc062723c751e8b465ee728b)  -> (artifact id: '5869c6240242fc9a78aa10770d927f0d') in 0.015081 seconds 
  Import took 0.022674 seconds .

========================================================================
Received Import Request.
  Time since last request: 5.849102 seconds.
  path: Assets/ShooterSpritePack/Prefabs/bush.prefab
  artifactKey: Guid(633c2969255078c4ca8027ce4ba882a3) Importer(815301076,1909f56bfc062723c751e8b465ee728b)
Start importing Assets/ShooterSpritePack/Prefabs/bush.prefab using Guid(633c2969255078c4ca8027ce4ba882a3) Importer(815301076,1909f56bfc062723c751e8b465ee728b)  -> (artifact id: '311c76a98b8711b13460c22719d804ea') in 0.017466 seconds 
  Import took 0.024411 seconds .

========================================================================
Received Import Request.
  Time since last request: 2.869872 seconds.
  path: Assets/ShooterSpritePack/Prefabs/bush.prefab
  artifactKey: Guid(633c2969255078c4ca8027ce4ba882a3) Importer(815301076,1909f56bfc062723c751e8b465ee728b)
Start importing Assets/ShooterSpritePack/Prefabs/bush.prefab using Guid(633c2969255078c4ca8027ce4ba882a3) Importer(815301076,1909f56bfc062723c751e8b465ee728b)  -> (artifact id: 'b823b351e206f58cec058a88b65f70a8') in 0.015123 seconds 
  Import took 0.021649 seconds .

========================================================================
Received Import Request.
  Time since last request: 6.461004 seconds.
  path: Assets/ShooterSpritePack/Prefabs/bush.prefab
  artifactKey: Guid(633c2969255078c4ca8027ce4ba882a3) Importer(815301076,1909f56bfc062723c751e8b465ee728b)
Start importing Assets/ShooterSpritePack/Prefabs/bush.prefab using Guid(633c2969255078c4ca8027ce4ba882a3) Importer(815301076,1909f56bfc062723c751e8b465ee728b)  -> (artifact id: '31a7956730d7799c03fefcefa33be70d') in 0.013557 seconds 
  Import took 0.021161 seconds .

========================================================================
Received Import Request.
  Time since last request: 7.098063 seconds.
  path: Assets/ShooterSpritePack/Prefabs/bush.prefab
  artifactKey: Guid(633c2969255078c4ca8027ce4ba882a3) Importer(815301076,1909f56bfc062723c751e8b465ee728b)
Start importing Assets/ShooterSpritePack/Prefabs/bush.prefab using Guid(633c2969255078c4ca8027ce4ba882a3) Importer(815301076,1909f56bfc062723c751e8b465ee728b)  -> (artifact id: '80a2f12edea9024f4bb2baef0c3c678c') in 0.014468 seconds 
  Import took 0.020595 seconds .

========================================================================
Received Import Request.
  Time since last request: 3.618829 seconds.
  path: Assets/ShooterSpritePack/Prefabs/bush.prefab
  artifactKey: Guid(633c2969255078c4ca8027ce4ba882a3) Importer(815301076,1909f56bfc062723c751e8b465ee728b)
Start importing Assets/ShooterSpritePack/Prefabs/bush.prefab using Guid(633c2969255078c4ca8027ce4ba882a3) Importer(815301076,1909f56bfc062723c751e8b465ee728b)  -> (artifact id: 'b4eac8bd53790b6d06303fa711af867a') in 0.019671 seconds 
  Import took 0.026449 seconds .

========================================================================
Received Import Request.
  Time since last request: 4.037589 seconds.
  path: Assets/ShooterSpritePack/Prefabs/bush.prefab
  artifactKey: Guid(633c2969255078c4ca8027ce4ba882a3) Importer(815301076,1909f56bfc062723c751e8b465ee728b)
Start importing Assets/ShooterSpritePack/Prefabs/bush.prefab using Guid(633c2969255078c4ca8027ce4ba882a3) Importer(815301076,1909f56bfc062723c751e8b465ee728b)  -> (artifact id: '4302c846b758885518dc92289eb9eda1') in 0.014460 seconds 
  Import took 0.021090 seconds .

========================================================================
Received Import Request.
  Time since last request: 4.645055 seconds.
  path: Assets/ShooterSpritePack/Prefabs/bush.prefab
  artifactKey: Guid(633c2969255078c4ca8027ce4ba882a3) Importer(815301076,1909f56bfc062723c751e8b465ee728b)
Start importing Assets/ShooterSpritePack/Prefabs/bush.prefab using Guid(633c2969255078c4ca8027ce4ba882a3) Importer(815301076,1909f56bfc062723c751e8b465ee728b)  -> (artifact id: '4c12cd9c2bccace971965f841d4a2270') in 0.015328 seconds 
  Import took 0.022054 seconds .

========================================================================
Received Import Request.
  Time since last request: 5.651278 seconds.
  path: Assets/ShooterSpritePack/Prefabs/bush.prefab
  artifactKey: Guid(633c2969255078c4ca8027ce4ba882a3) Importer(815301076,1909f56bfc062723c751e8b465ee728b)
Start importing Assets/ShooterSpritePack/Prefabs/bush.prefab using Guid(633c2969255078c4ca8027ce4ba882a3) Importer(815301076,1909f56bfc062723c751e8b465ee728b)  -> (artifact id: '2893d280ad1f83a8547494e3c00c029b') in 0.015022 seconds 
  Import took 0.021804 seconds .

========================================================================
Received Import Request.
  Time since last request: 2.256123 seconds.
  path: Assets/ShooterSpritePack/Prefabs/bush.prefab
  artifactKey: Guid(633c2969255078c4ca8027ce4ba882a3) Importer(815301076,1909f56bfc062723c751e8b465ee728b)
Start importing Assets/ShooterSpritePack/Prefabs/bush.prefab using Guid(633c2969255078c4ca8027ce4ba882a3) Importer(815301076,1909f56bfc062723c751e8b465ee728b)  -> (artifact id: 'a1eccda2f13e94fd6aac5373b769e7e2') in 0.014710 seconds 
  Import took 0.021232 seconds .

========================================================================
Received Prepare
Registering precompiled user dll's ...
Registered in 0.007527 seconds.
Begin MonoManager ReloadAssembly
Native extension for WindowsStandalone target not found
Refreshing native plugins compatible for Editor in 1.20 ms, found 3 plugins.
Preloading 0 native plugins for Editor in 0.00 ms.
Mono: successfully reloaded assembly
- Completed reload, in  1.906 seconds
Domain Reload Profiling:
	ReloadAssembly (1907ms)
		BeginReloadAssembly (213ms)
			ExecutionOrderSort (0ms)
			DisableScriptedObjects (10ms)
			BackupInstance (0ms)
			ReleaseScriptingObjects (0ms)
			CreateAndSetChildDomain (61ms)
		EndReloadAssembly (1545ms)
			LoadAssemblies (188ms)
			RebuildTransferFunctionScriptingTraits (0ms)
			SetupTypeCache (556ms)
			ReleaseScriptCaches (1ms)
			RebuildScriptCaches (80ms)
			SetupLoadedEditorAssemblies (558ms)
				LogAssemblyErrors (0ms)
				InitializePlatformSupportModulesInManaged (9ms)
				SetLoadedEditorAssemblies (1ms)
				RefreshPlugins (1ms)
				BeforeProcessingInitializeOnLoad (147ms)
				ProcessInitializeOnLoadAttributes (371ms)
				ProcessInitializeOnLoadMethodAttributes (19ms)
				AfterProcessingInitializeOnLoad (10ms)
				EditorAssembliesLoaded (0ms)
			ExecutionOrderSort2 (0ms)
			AwakeInstancesAfterBackupRestoration (15ms)
Platform modules already initialized, skipping
Refreshing native plugins compatible for Editor in 1.20 ms, found 3 plugins.
Preloading 0 native plugins for Editor in 0.00 ms.
Unloading 2172 Unused Serialized files (Serialized files now loaded: 0)
System memory in use before: 104.5 MB.
System memory in use after: 104.6 MB.

Unloading 17 unused Assets to reduce memory usage. Loaded Objects now: 2638.
Total: 5.936800 ms (FindLiveObjects: 0.322600 ms CreateObjectMapping: 0.130800 ms MarkObjects: 5.450900 ms  DeleteObjects: 0.031000 ms)

AssetImportParameters requested are different than current active one (requested -> active):
  custom:framework-win-MediaFoundation: 216162199b28c13a410421893ffa2e32 -> 
  custom:video-decoder-ogg-theora: a1e56fd34408186e4bbccfd4996cb3dc -> 
  custom:container-muxer-webm: aa71ff27fc2769a1b78a27578f13a17b -> 
  custom:container-demuxer-webm: 4f35f7cbe854078d1ac9338744f61a02 -> 
  custom:container-demuxer-ogg: 62fdf1f143b41e24485cea50d1cbac27 -> 
  custom:video-encoder-webm-vp8: eb34c28f22e8b96e1ab97ce403110664 -> 
  custom:video-decoder-webm-vp8: 9c59270c3fd7afecdb556c50c9e8de78 -> 
  custom:audio-decoder-ogg-vorbis: bf7c407c2cedff20999df2af8eb42d56 -> 
  custom:audio-encoder-webm-vorbis: bf7c407c2cedff20999df2af8eb42d56 -> 
========================================================================
Received Import Request.
  Time since last request: 36.006400 seconds.
  path: Assets/ShooterSpritePack/Prefabs/bush.prefab
  artifactKey: Guid(633c2969255078c4ca8027ce4ba882a3) Importer(815301076,1909f56bfc062723c751e8b465ee728b)
Start importing Assets/ShooterSpritePack/Prefabs/bush.prefab using Guid(633c2969255078c4ca8027ce4ba882a3) Importer(815301076,1909f56bfc062723c751e8b465ee728b)  -> (artifact id: '63ec98510533abb454c47b55d09faa3b') in 0.090868 seconds 
  Import took 0.098211 seconds .

========================================================================
Received Prepare
Registering precompiled user dll's ...
Registered in 0.007535 seconds.
Begin MonoManager ReloadAssembly
Native extension for WindowsStandalone target not found
Refreshing native plugins compatible for Editor in 1.22 ms, found 3 plugins.
Preloading 0 native plugins for Editor in 0.00 ms.
Mono: successfully reloaded assembly
- Completed reload, in  1.976 seconds
Domain Reload Profiling:
	ReloadAssembly (1976ms)
		BeginReloadAssembly (184ms)
			ExecutionOrderSort (0ms)
			DisableScriptedObjects (10ms)
			BackupInstance (0ms)
			ReleaseScriptingObjects (0ms)
			CreateAndSetChildDomain (59ms)
		EndReloadAssembly (1626ms)
			LoadAssemblies (182ms)
			RebuildTransferFunctionScriptingTraits (0ms)
			SetupTypeCache (537ms)
			ReleaseScriptCaches (1ms)
			RebuildScriptCaches (75ms)
			SetupLoadedEditorAssemblies (612ms)
				LogAssemblyErrors (0ms)
				InitializePlatformSupportModulesInManaged (9ms)
				SetLoadedEditorAssemblies (1ms)
				RefreshPlugins (1ms)
				BeforeProcessingInitializeOnLoad (156ms)
				ProcessInitializeOnLoadAttributes (401ms)
				ProcessInitializeOnLoadMethodAttributes (29ms)
				AfterProcessingInitializeOnLoad (15ms)
				EditorAssembliesLoaded (0ms)
			ExecutionOrderSort2 (0ms)
			AwakeInstancesAfterBackupRestoration (17ms)
Platform modules already initialized, skipping
Refreshing native plugins compatible for Editor in 1.29 ms, found 3 plugins.
Preloading 0 native plugins for Editor in 0.00 ms.
Unloading 2172 Unused Serialized files (Serialized files now loaded: 0)
System memory in use before: 104.5 MB.
System memory in use after: 104.6 MB.

Unloading 17 unused Assets to reduce memory usage. Loaded Objects now: 2641.
Total: 5.851200 ms (FindLiveObjects: 0.343300 ms CreateObjectMapping: 0.143700 ms MarkObjects: 5.329200 ms  DeleteObjects: 0.032900 ms)

AssetImportParameters requested are different than current active one (requested -> active):
  custom:framework-win-MediaFoundation: 216162199b28c13a410421893ffa2e32 -> 
  custom:video-decoder-ogg-theora: a1e56fd34408186e4bbccfd4996cb3dc -> 
  custom:container-muxer-webm: aa71ff27fc2769a1b78a27578f13a17b -> 
  custom:container-demuxer-webm: 4f35f7cbe854078d1ac9338744f61a02 -> 
  custom:container-demuxer-ogg: 62fdf1f143b41e24485cea50d1cbac27 -> 
  custom:video-encoder-webm-vp8: eb34c28f22e8b96e1ab97ce403110664 -> 
  custom:video-decoder-webm-vp8: 9c59270c3fd7afecdb556c50c9e8de78 -> 
  custom:audio-decoder-ogg-vorbis: bf7c407c2cedff20999df2af8eb42d56 -> 
  custom:audio-encoder-webm-vorbis: bf7c407c2cedff20999df2af8eb42d56 -> 
========================================================================
Received Prepare
Registering precompiled user dll's ...
Registered in 0.007732 seconds.
Begin MonoManager ReloadAssembly
Native extension for WindowsStandalone target not found
Refreshing native plugins compatible for Editor in 2.67 ms, found 3 plugins.
Preloading 0 native plugins for Editor in 0.00 ms.
Mono: successfully reloaded assembly
- Completed reload, in  2.537 seconds
Domain Reload Profiling:
	ReloadAssembly (2539ms)
		BeginReloadAssembly (226ms)
			ExecutionOrderSort (0ms)
			DisableScriptedObjects (18ms)
			BackupInstance (0ms)
			ReleaseScriptingObjects (0ms)
			CreateAndSetChildDomain (81ms)
		EndReloadAssembly (2136ms)
			LoadAssemblies (225ms)
			RebuildTransferFunctionScriptingTraits (0ms)
			SetupTypeCache (730ms)
			ReleaseScriptCaches (2ms)
			RebuildScriptCaches (219ms)
			SetupLoadedEditorAssemblies (709ms)
				LogAssemblyErrors (0ms)
				InitializePlatformSupportModulesInManaged (9ms)
				SetLoadedEditorAssemblies (1ms)
				RefreshPlugins (3ms)
				BeforeProcessingInitializeOnLoad (175ms)
				ProcessInitializeOnLoadAttributes (385ms)
				ProcessInitializeOnLoadMethodAttributes (121ms)
				AfterProcessingInitializeOnLoad (16ms)
				EditorAssembliesLoaded (0ms)
			ExecutionOrderSort2 (0ms)
			AwakeInstancesAfterBackupRestoration (21ms)
Platform modules already initialized, skipping
Refreshing native plugins compatible for Editor in 1.19 ms, found 3 plugins.
Preloading 0 native plugins for Editor in 0.00 ms.
Unloading 2172 Unused Serialized files (Serialized files now loaded: 0)
System memory in use before: 104.5 MB.
System memory in use after: 104.6 MB.

Unloading 17 unused Assets to reduce memory usage. Loaded Objects now: 2643.
Total: 5.967300 ms (FindLiveObjects: 0.475200 ms CreateObjectMapping: 0.200200 ms MarkObjects: 5.258700 ms  DeleteObjects: 0.031300 ms)

AssetImportParameters requested are different than current active one (requested -> active):
  custom:framework-win-MediaFoundation: 216162199b28c13a410421893ffa2e32 -> 
  custom:video-decoder-ogg-theora: a1e56fd34408186e4bbccfd4996cb3dc -> 
  custom:container-muxer-webm: aa71ff27fc2769a1b78a27578f13a17b -> 
  custom:container-demuxer-webm: 4f35f7cbe854078d1ac9338744f61a02 -> 
  custom:container-demuxer-ogg: 62fdf1f143b41e24485cea50d1cbac27 -> 
  custom:video-encoder-webm-vp8: eb34c28f22e8b96e1ab97ce403110664 -> 
  custom:video-decoder-webm-vp8: 9c59270c3fd7afecdb556c50c9e8de78 -> 
  custom:audio-decoder-ogg-vorbis: bf7c407c2cedff20999df2af8eb42d56 -> 
  custom:audio-encoder-webm-vorbis: bf7c407c2cedff20999df2af8eb42d56 -> 
========================================================================
Received Prepare
Registering precompiled user dll's ...
Registered in 0.016349 seconds.
Begin MonoManager ReloadAssembly
Native extension for WindowsStandalone target not found
Refreshing native plugins compatible for Editor in 1.28 ms, found 3 plugins.
Preloading 0 native plugins for Editor in 0.00 ms.
Mono: successfully reloaded assembly
- Completed reload, in  1.965 seconds
Domain Reload Profiling:
	ReloadAssembly (1966ms)
		BeginReloadAssembly (186ms)
			ExecutionOrderSort (0ms)
			DisableScriptedObjects (13ms)
			BackupInstance (0ms)
			ReleaseScriptingObjects (0ms)
			CreateAndSetChildDomain (59ms)
		EndReloadAssembly (1670ms)
			LoadAssemblies (165ms)
			RebuildTransferFunctionScriptingTraits (0ms)
			SetupTypeCache (649ms)
			ReleaseScriptCaches (2ms)
			RebuildScriptCaches (80ms)
			SetupLoadedEditorAssemblies (559ms)
				LogAssemblyErrors (0ms)
				InitializePlatformSupportModulesInManaged (9ms)
				SetLoadedEditorAssemblies (1ms)
				RefreshPlugins (1ms)
				BeforeProcessingInitializeOnLoad (153ms)
				ProcessInitializeOnLoadAttributes (363ms)
				ProcessInitializeOnLoadMethodAttributes (21ms)
				AfterProcessingInitializeOnLoad (11ms)
				EditorAssembliesLoaded (0ms)
			ExecutionOrderSort2 (0ms)
			AwakeInstancesAfterBackupRestoration (18ms)
Platform modules already initialized, skipping
Refreshing native plugins compatible for Editor in 1.30 ms, found 3 plugins.
Preloading 0 native plugins for Editor in 0.00 ms.
Unloading 2172 Unused Serialized files (Serialized files now loaded: 0)
System memory in use before: 104.5 MB.
System memory in use after: 104.6 MB.

Unloading 17 unused Assets to reduce memory usage. Loaded Objects now: 2645.
Total: 7.954300 ms (FindLiveObjects: 0.303600 ms CreateObjectMapping: 0.139600 ms MarkObjects: 7.476200 ms  DeleteObjects: 0.032800 ms)

AssetImportParameters requested are different than current active one (requested -> active):
  custom:framework-win-MediaFoundation: 216162199b28c13a410421893ffa2e32 -> 
  custom:video-decoder-ogg-theora: a1e56fd34408186e4bbccfd4996cb3dc -> 
  custom:container-muxer-webm: aa71ff27fc2769a1b78a27578f13a17b -> 
  custom:container-demuxer-webm: 4f35f7cbe854078d1ac9338744f61a02 -> 
  custom:container-demuxer-ogg: 62fdf1f143b41e24485cea50d1cbac27 -> 
  custom:video-encoder-webm-vp8: eb34c28f22e8b96e1ab97ce403110664 -> 
  custom:video-decoder-webm-vp8: 9c59270c3fd7afecdb556c50c9e8de78 -> 
  custom:audio-decoder-ogg-vorbis: bf7c407c2cedff20999df2af8eb42d56 -> 
  custom:audio-encoder-webm-vorbis: bf7c407c2cedff20999df2af8eb42d56 -> 
========================================================================
Received Prepare
Registering precompiled user dll's ...
Registered in 0.007463 seconds.
Begin MonoManager ReloadAssembly
Native extension for WindowsStandalone target not found
Refreshing native plugins compatible for Editor in 1.24 ms, found 3 plugins.
Preloading 0 native plugins for Editor in 0.00 ms.
Mono: successfully reloaded assembly
- Completed reload, in  1.956 seconds
Domain Reload Profiling:
	ReloadAssembly (1957ms)
		BeginReloadAssembly (205ms)
			ExecutionOrderSort (0ms)
			DisableScriptedObjects (10ms)
			BackupInstance (0ms)
			ReleaseScriptingObjects (0ms)
			CreateAndSetChildDomain (62ms)
		EndReloadAssembly (1589ms)
			LoadAssemblies (190ms)
			RebuildTransferFunctionScriptingTraits (0ms)
			SetupTypeCache (522ms)
			ReleaseScriptCaches (2ms)
			RebuildScriptCaches (79ms)
			SetupLoadedEditorAssemblies (587ms)
				LogAssemblyErrors (0ms)
				InitializePlatformSupportModulesInManaged (9ms)
				SetLoadedEditorAssemblies (1ms)
				RefreshPlugins (1ms)
				BeforeProcessingInitializeOnLoad (151ms)
				ProcessInitializeOnLoadAttributes (395ms)
				ProcessInitializeOnLoadMethodAttributes (20ms)
				AfterProcessingInitializeOnLoad (11ms)
				EditorAssembliesLoaded (0ms)
			ExecutionOrderSort2 (0ms)
			AwakeInstancesAfterBackupRestoration (21ms)
Platform modules already initialized, skipping
Refreshing native plugins compatible for Editor in 1.98 ms, found 3 plugins.
Preloading 0 native plugins for Editor in 0.00 ms.
Unloading 2172 Unused Serialized files (Serialized files now loaded: 0)
System memory in use before: 104.5 MB.
System memory in use after: 104.6 MB.

Unloading 17 unused Assets to reduce memory usage. Loaded Objects now: 2647.
Total: 5.957700 ms (FindLiveObjects: 0.343300 ms CreateObjectMapping: 0.137400 ms MarkObjects: 5.438900 ms  DeleteObjects: 0.036500 ms)

AssetImportParameters requested are different than current active one (requested -> active):
  custom:framework-win-MediaFoundation: 216162199b28c13a410421893ffa2e32 -> 
  custom:video-decoder-ogg-theora: a1e56fd34408186e4bbccfd4996cb3dc -> 
  custom:container-muxer-webm: aa71ff27fc2769a1b78a27578f13a17b -> 
  custom:container-demuxer-webm: 4f35f7cbe854078d1ac9338744f61a02 -> 
  custom:container-demuxer-ogg: 62fdf1f143b41e24485cea50d1cbac27 -> 
  custom:video-encoder-webm-vp8: eb34c28f22e8b96e1ab97ce403110664 -> 
  custom:video-decoder-webm-vp8: 9c59270c3fd7afecdb556c50c9e8de78 -> 
  custom:audio-decoder-ogg-vorbis: bf7c407c2cedff20999df2af8eb42d56 -> 
  custom:audio-encoder-webm-vorbis: bf7c407c2cedff20999df2af8eb42d56 -> 
========================================================================
Received Prepare
Registering precompiled user dll's ...
Registered in 0.009103 seconds.
Begin MonoManager ReloadAssembly
Native extension for WindowsStandalone target not found
Refreshing native plugins compatible for Editor in 1.24 ms, found 3 plugins.
Preloading 0 native plugins for Editor in 0.00 ms.
Mono: successfully reloaded assembly
- Completed reload, in  1.933 seconds
Domain Reload Profiling:
	ReloadAssembly (1934ms)
		BeginReloadAssembly (185ms)
			ExecutionOrderSort (0ms)
			DisableScriptedObjects (11ms)
			BackupInstance (0ms)
			ReleaseScriptingObjects (0ms)
			CreateAndSetChildDomain (58ms)
		EndReloadAssembly (1634ms)
			LoadAssemblies (164ms)
			RebuildTransferFunctionScriptingTraits (0ms)
			SetupTypeCache (529ms)
			ReleaseScriptCaches (2ms)
			RebuildScriptCaches (79ms)
			SetupLoadedEditorAssemblies (642ms)
				LogAssemblyErrors (0ms)
				InitializePlatformSupportModulesInManaged (9ms)
				SetLoadedEditorAssemblies (1ms)
				RefreshPlugins (1ms)
				BeforeProcessingInitializeOnLoad (149ms)
				ProcessInitializeOnLoadAttributes (445ms)
				ProcessInitializeOnLoadMethodAttributes (25ms)
				AfterProcessingInitializeOnLoad (11ms)
				EditorAssembliesLoaded (0ms)
			ExecutionOrderSort2 (0ms)
			AwakeInstancesAfterBackupRestoration (22ms)
Platform modules already initialized, skipping
Refreshing native plugins compatible for Editor in 1.29 ms, found 3 plugins.
Preloading 0 native plugins for Editor in 0.00 ms.
Unloading 2172 Unused Serialized files (Serialized files now loaded: 0)
System memory in use before: 104.5 MB.
System memory in use after: 104.6 MB.

Unloading 17 unused Assets to reduce memory usage. Loaded Objects now: 2649.
Total: 5.255400 ms (FindLiveObjects: 0.301300 ms CreateObjectMapping: 0.151400 ms MarkObjects: 4.769700 ms  DeleteObjects: 0.031100 ms)

AssetImportParameters requested are different than current active one (requested -> active):
  custom:framework-win-MediaFoundation: 216162199b28c13a410421893ffa2e32 -> 
  custom:video-decoder-ogg-theora: a1e56fd34408186e4bbccfd4996cb3dc -> 
  custom:container-muxer-webm: aa71ff27fc2769a1b78a27578f13a17b -> 
  custom:container-demuxer-webm: 4f35f7cbe854078d1ac9338744f61a02 -> 
  custom:container-demuxer-ogg: 62fdf1f143b41e24485cea50d1cbac27 -> 
  custom:video-encoder-webm-vp8: eb34c28f22e8b96e1ab97ce403110664 -> 
  custom:video-decoder-webm-vp8: 9c59270c3fd7afecdb556c50c9e8de78 -> 
  custom:audio-decoder-ogg-vorbis: bf7c407c2cedff20999df2af8eb42d56 -> 
  custom:audio-encoder-webm-vorbis: bf7c407c2cedff20999df2af8eb42d56 -> 
========================================================================
Received Prepare
Registering precompiled user dll's ...
Registered in 0.007497 seconds.
Begin MonoManager ReloadAssembly
Native extension for WindowsStandalone target not found
Refreshing native plugins compatible for Editor in 1.50 ms, found 3 plugins.
Preloading 0 native plugins for Editor in 0.00 ms.
Mono: successfully reloaded assembly
- Completed reload, in  1.978 seconds
Domain Reload Profiling:
	ReloadAssembly (1979ms)
		BeginReloadAssembly (204ms)
			ExecutionOrderSort (0ms)
			DisableScriptedObjects (11ms)
			BackupInstance (0ms)
			ReleaseScriptingObjects (0ms)
			CreateAndSetChildDomain (61ms)
		EndReloadAssembly (1597ms)
			LoadAssemblies (194ms)
			RebuildTransferFunctionScriptingTraits (0ms)
			SetupTypeCache (542ms)
			ReleaseScriptCaches (2ms)
			RebuildScriptCaches (84ms)
			SetupLoadedEditorAssemblies (575ms)
				LogAssemblyErrors (0ms)
				InitializePlatformSupportModulesInManaged (8ms)
				SetLoadedEditorAssemblies (1ms)
				RefreshPlugins (2ms)
				BeforeProcessingInitializeOnLoad (146ms)
				ProcessInitializeOnLoadAttributes (384ms)
				ProcessInitializeOnLoadMethodAttributes (20ms)
				AfterProcessingInitializeOnLoad (14ms)
				EditorAssembliesLoaded (0ms)
			ExecutionOrderSort2 (0ms)
			AwakeInstancesAfterBackupRestoration (18ms)
Platform modules already initialized, skipping
Refreshing native plugins compatible for Editor in 1.21 ms, found 3 plugins.
Preloading 0 native plugins for Editor in 0.00 ms.
Unloading 2172 Unused Serialized files (Serialized files now loaded: 0)
System memory in use before: 104.5 MB.
System memory in use after: 104.7 MB.

Unloading 17 unused Assets to reduce memory usage. Loaded Objects now: 2651.
Total: 7.023600 ms (FindLiveObjects: 1.302300 ms CreateObjectMapping: 0.316500 ms MarkObjects: 5.368300 ms  DeleteObjects: 0.032300 ms)

AssetImportParameters requested are different than current active one (requested -> active):
  custom:framework-win-MediaFoundation: 216162199b28c13a410421893ffa2e32 -> 
  custom:video-decoder-ogg-theora: a1e56fd34408186e4bbccfd4996cb3dc -> 
  custom:container-muxer-webm: aa71ff27fc2769a1b78a27578f13a17b -> 
  custom:container-demuxer-webm: 4f35f7cbe854078d1ac9338744f61a02 -> 
  custom:container-demuxer-ogg: 62fdf1f143b41e24485cea50d1cbac27 -> 
  custom:video-encoder-webm-vp8: eb34c28f22e8b96e1ab97ce403110664 -> 
  custom:video-decoder-webm-vp8: 9c59270c3fd7afecdb556c50c9e8de78 -> 
  custom:audio-decoder-ogg-vorbis: bf7c407c2cedff20999df2af8eb42d56 -> 
  custom:audio-encoder-webm-vorbis: bf7c407c2cedff20999df2af8eb42d56 -> 
========================================================================
Received Prepare
Registering precompiled user dll's ...
Registered in 0.007542 seconds.
Begin MonoManager ReloadAssembly
Native extension for WindowsStandalone target not found
Refreshing native plugins compatible for Editor in 1.18 ms, found 3 plugins.
Preloading 0 native plugins for Editor in 0.00 ms.
Mono: successfully reloaded assembly
- Completed reload, in  1.941 seconds
Domain Reload Profiling:
	ReloadAssembly (1942ms)
		BeginReloadAssembly (182ms)
			ExecutionOrderSort (0ms)
			DisableScriptedObjects (10ms)
			BackupInstance (0ms)
			ReleaseScriptingObjects (0ms)
			CreateAndSetChildDomain (58ms)
		EndReloadAssembly (1592ms)
			LoadAssemblies (175ms)
			RebuildTransferFunctionScriptingTraits (0ms)
			SetupTypeCache (531ms)
			ReleaseScriptCaches (1ms)
			RebuildScriptCaches (77ms)
			SetupLoadedEditorAssemblies (587ms)
				LogAssemblyErrors (0ms)
				InitializePlatformSupportModulesInManaged (10ms)
				SetLoadedEditorAssemblies (1ms)
				RefreshPlugins (1ms)
				BeforeProcessingInitializeOnLoad (150ms)
				ProcessInitializeOnLoadAttributes (395ms)
				ProcessInitializeOnLoadMethodAttributes (21ms)
				AfterProcessingInitializeOnLoad (10ms)
				EditorAssembliesLoaded (0ms)
			ExecutionOrderSort2 (0ms)
			AwakeInstancesAfterBackupRestoration (22ms)
Platform modules already initialized, skipping
Refreshing native plugins compatible for Editor in 1.20 ms, found 3 plugins.
Preloading 0 native plugins for Editor in 0.00 ms.
Unloading 2172 Unused Serialized files (Serialized files now loaded: 0)
System memory in use before: 104.5 MB.
System memory in use after: 104.7 MB.

Unloading 17 unused Assets to reduce memory usage. Loaded Objects now: 2653.
Total: 5.849600 ms (FindLiveObjects: 0.370200 ms CreateObjectMapping: 0.166900 ms MarkObjects: 5.277800 ms  DeleteObjects: 0.032800 ms)

AssetImportParameters requested are different than current active one (requested -> active):
  custom:framework-win-MediaFoundation: 216162199b28c13a410421893ffa2e32 -> 
  custom:video-decoder-ogg-theora: a1e56fd34408186e4bbccfd4996cb3dc -> 
  custom:container-muxer-webm: aa71ff27fc2769a1b78a27578f13a17b -> 
  custom:container-demuxer-webm: 4f35f7cbe854078d1ac9338744f61a02 -> 
  custom:container-demuxer-ogg: 62fdf1f143b41e24485cea50d1cbac27 -> 
  custom:video-encoder-webm-vp8: eb34c28f22e8b96e1ab97ce403110664 -> 
  custom:video-decoder-webm-vp8: 9c59270c3fd7afecdb556c50c9e8de78 -> 
  custom:audio-decoder-ogg-vorbis: bf7c407c2cedff20999df2af8eb42d56 -> 
  custom:audio-encoder-webm-vorbis: bf7c407c2cedff20999df2af8eb42d56 -> 
========================================================================
Received Prepare
Registering precompiled user dll's ...
Registered in 0.007487 seconds.
Begin MonoManager ReloadAssembly
Native extension for WindowsStandalone target not found
Refreshing native plugins compatible for Editor in 1.23 ms, found 3 plugins.
Preloading 0 native plugins for Editor in 0.00 ms.
Mono: successfully reloaded assembly
- Completed reload, in  1.957 seconds
Domain Reload Profiling:
	ReloadAssembly (1957ms)
		BeginReloadAssembly (195ms)
			ExecutionOrderSort (0ms)
			DisableScriptedObjects (11ms)
			BackupInstance (0ms)
			ReleaseScriptingObjects (0ms)
			CreateAndSetChildDomain (60ms)
		EndReloadAssembly (1597ms)
			LoadAssemblies (198ms)
			RebuildTransferFunctionScriptingTraits (0ms)
			SetupTypeCache (544ms)
			ReleaseScriptCaches (1ms)
			RebuildScriptCaches (77ms)
			SetupLoadedEditorAssemblies (595ms)
				LogAssemblyErrors (0ms)
				InitializePlatformSupportModulesInManaged (8ms)
				SetLoadedEditorAssemblies (1ms)
				RefreshPlugins (1ms)
				BeforeProcessingInitializeOnLoad (151ms)
				ProcessInitializeOnLoadAttributes (402ms)
				ProcessInitializeOnLoadMethodAttributes (21ms)
				AfterProcessingInitializeOnLoad (11ms)
				EditorAssembliesLoaded (0ms)
			ExecutionOrderSort2 (0ms)
			AwakeInstancesAfterBackupRestoration (16ms)
Platform modules already initialized, skipping
Refreshing native plugins compatible for Editor in 1.98 ms, found 3 plugins.
Preloading 0 native plugins for Editor in 0.00 ms.
Unloading 2172 Unused Serialized files (Serialized files now loaded: 0)
System memory in use before: 104.5 MB.
System memory in use after: 104.7 MB.

Unloading 17 unused Assets to reduce memory usage. Loaded Objects now: 2655.
Total: 8.592700 ms (FindLiveObjects: 1.059200 ms CreateObjectMapping: 1.047700 ms MarkObjects: 6.452300 ms  DeleteObjects: 0.031300 ms)

AssetImportParameters requested are different than current active one (requested -> active):
  custom:framework-win-MediaFoundation: 216162199b28c13a410421893ffa2e32 -> 
  custom:video-decoder-ogg-theora: a1e56fd34408186e4bbccfd4996cb3dc -> 
  custom:container-muxer-webm: aa71ff27fc2769a1b78a27578f13a17b -> 
  custom:container-demuxer-webm: 4f35f7cbe854078d1ac9338744f61a02 -> 
  custom:container-demuxer-ogg: 62fdf1f143b41e24485cea50d1cbac27 -> 
  custom:video-encoder-webm-vp8: eb34c28f22e8b96e1ab97ce403110664 -> 
  custom:video-decoder-webm-vp8: 9c59270c3fd7afecdb556c50c9e8de78 -> 
  custom:audio-decoder-ogg-vorbis: bf7c407c2cedff20999df2af8eb42d56 -> 
  custom:audio-encoder-webm-vorbis: bf7c407c2cedff20999df2af8eb42d56 -> 
========================================================================
Received Prepare
Registering precompiled user dll's ...
Registered in 0.007541 seconds.
Begin MonoManager ReloadAssembly
Native extension for WindowsStandalone target not found
Refreshing native plugins compatible for Editor in 1.21 ms, found 3 plugins.
Preloading 0 native plugins for Editor in 0.00 ms.
Mono: successfully reloaded assembly
- Completed reload, in  1.877 seconds
Domain Reload Profiling:
	ReloadAssembly (1877ms)
		BeginReloadAssembly (180ms)
			ExecutionOrderSort (0ms)
			DisableScriptedObjects (11ms)
			BackupInstance (0ms)
			ReleaseScriptingObjects (0ms)
			CreateAndSetChildDomain (53ms)
		EndReloadAssembly (1573ms)
			LoadAssemblies (213ms)
			RebuildTransferFunctionScriptingTraits (0ms)
			SetupTypeCache (562ms)
			ReleaseScriptCaches (1ms)
			RebuildScriptCaches (77ms)
			SetupLoadedEditorAssemblies (533ms)
				LogAssemblyErrors (0ms)
				InitializePlatformSupportModulesInManaged (8ms)
				SetLoadedEditorAssemblies (1ms)
				RefreshPlugins (1ms)
				BeforeProcessingInitializeOnLoad (147ms)
				ProcessInitializeOnLoadAttributes (345ms)
				ProcessInitializeOnLoadMethodAttributes (19ms)
				AfterProcessingInitializeOnLoad (10ms)
				EditorAssembliesLoaded (0ms)
			ExecutionOrderSort2 (0ms)
			AwakeInstancesAfterBackupRestoration (15ms)
Platform modules already initialized, skipping
Refreshing native plugins compatible for Editor in 1.23 ms, found 3 plugins.
Preloading 0 native plugins for Editor in 0.00 ms.
Unloading 2172 Unused Serialized files (Serialized files now loaded: 0)
System memory in use before: 104.5 MB.
System memory in use after: 104.7 MB.

Unloading 17 unused Assets to reduce memory usage. Loaded Objects now: 2657.
Total: 5.651400 ms (FindLiveObjects: 0.318800 ms CreateObjectMapping: 0.134600 ms MarkObjects: 5.168100 ms  DeleteObjects: 0.028500 ms)

AssetImportParameters requested are different than current active one (requested -> active):
  custom:framework-win-MediaFoundation: 216162199b28c13a410421893ffa2e32 -> 
  custom:video-decoder-ogg-theora: a1e56fd34408186e4bbccfd4996cb3dc -> 
  custom:container-muxer-webm: aa71ff27fc2769a1b78a27578f13a17b -> 
  custom:container-demuxer-webm: 4f35f7cbe854078d1ac9338744f61a02 -> 
  custom:container-demuxer-ogg: 62fdf1f143b41e24485cea50d1cbac27 -> 
  custom:video-encoder-webm-vp8: eb34c28f22e8b96e1ab97ce403110664 -> 
  custom:video-decoder-webm-vp8: 9c59270c3fd7afecdb556c50c9e8de78 -> 
  custom:audio-decoder-ogg-vorbis: bf7c407c2cedff20999df2af8eb42d56 -> 
  custom:audio-encoder-webm-vorbis: bf7c407c2cedff20999df2af8eb42d56 -> 
AssetImportWorkerClient::OnTransportError - code=2 error=End of file
