Using pre-set license
Built from '2020.3/staging' branch; Version is '2020.3.22f1 (e1a7f79fd887) revision 14788599'; Using compiler version '192528614'; Build Type 'Release'
OS: 'Windows 10 Pro; OS build 19041.1348; Version 2004; 64bit' Language: 'hu' Physical Memory: 8128 MB
BatchMode: 1, IsHumanControllingUs: 0, StartBugReporterOnCrash: 0, Is64bit: 1, IsPro: 0

COMMAND LINE ARGUMENTS:
C:\Program Files\Unity\Hub\Editor\2020.3.22f1\Editor\Unity.exe
-adb2
-batchMode
-noUpm
-name
AssetImportWorker0
-projectPath
G:/Unity/Top Down Shooter
-logFile
Logs/AssetImportWorker0.log
-srvPort
56048
Successfully changed project path to: G:/Unity/Top Down Shooter
G:/Unity/Top Down Shooter
Using Asset Import Pipeline V2.
Refreshing native plugins compatible for Editor in 54.04 ms, found 3 plugins.
Preloading 0 native plugins for Editor in 0.00 ms.
Initialize engine version: 2020.3.22f1 (e1a7f79fd887)
[Subsystems] Discovering subsystems at path C:/Program Files/Unity/Hub/Editor/2020.3.22f1/Editor/Data/Resources/UnitySubsystems
[Subsystems] Discovering subsystems at path G:/Unity/Top Down Shooter/Assets
GfxDevice: creating device client; threaded=0
Direct3D:
    Version:  Direct3D 11.0 [level 11.1]
    Renderer: NVIDIA GeForce GTX 1060 3GB (ID=0x1c02)
    Vendor:   
    VRAM:     2988 MB
    Driver:   30.0.14.9676
Initialize mono
Mono path[0] = 'C:/Program Files/Unity/Hub/Editor/2020.3.22f1/Editor/Data/Managed'
Mono path[1] = 'C:/Program Files/Unity/Hub/Editor/2020.3.22f1/Editor/Data/MonoBleedingEdge/lib/mono/unityjit'
Mono config path = 'C:/Program Files/Unity/Hub/Editor/2020.3.22f1/Editor/Data/MonoBleedingEdge/etc'
Using monoOptions --debugger-agent=transport=dt_socket,embedding=1,server=y,suspend=n,address=127.0.0.1:56468
Begin MonoManager ReloadAssembly
Registering precompiled unity dll's ...
Register platform support module: C:/Program Files/Unity/Hub/Editor/2020.3.22f1/Editor/Data/PlaybackEngines/WindowsStandaloneSupport/UnityEditor.WindowsStandalone.Extensions.dll
Registered in 0.001953 seconds.
Native extension for WindowsStandalone target not found
Refreshing native plugins compatible for Editor in 52.59 ms, found 3 plugins.
Preloading 0 native plugins for Editor in 0.00 ms.
Mono: successfully reloaded assembly
- Completed reload, in  1.224 seconds
Domain Reload Profiling:
	ReloadAssembly (1225ms)
		BeginReloadAssembly (60ms)
			ExecutionOrderSort (0ms)
			DisableScriptedObjects (0ms)
			BackupInstance (0ms)
			ReleaseScriptingObjects (0ms)
			CreateAndSetChildDomain (1ms)
		EndReloadAssembly (489ms)
			LoadAssemblies (56ms)
			RebuildTransferFunctionScriptingTraits (0ms)
			SetupTypeCache (165ms)
			ReleaseScriptCaches (0ms)
			RebuildScriptCaches (31ms)
			SetupLoadedEditorAssemblies (191ms)
				LogAssemblyErrors (0ms)
				InitializePlatformSupportModulesInManaged (4ms)
				SetLoadedEditorAssemblies (1ms)
				RefreshPlugins (53ms)
				BeforeProcessingInitializeOnLoad (16ms)
				ProcessInitializeOnLoadAttributes (88ms)
				ProcessInitializeOnLoadMethodAttributes (30ms)
				AfterProcessingInitializeOnLoad (0ms)
				EditorAssembliesLoaded (0ms)
			ExecutionOrderSort2 (0ms)
			AwakeInstancesAfterBackupRestoration (0ms)
Platform modules already initialized, skipping
Registering precompiled user dll's ...
Registered in 0.003940 seconds.
Begin MonoManager ReloadAssembly
Native extension for WindowsStandalone target not found
Refreshing native plugins compatible for Editor in 54.82 ms, found 3 plugins.
Preloading 0 native plugins for Editor in 0.00 ms.
Mono: successfully reloaded assembly
- Completed reload, in  1.280 seconds
Domain Reload Profiling:
	ReloadAssembly (1281ms)
		BeginReloadAssembly (152ms)
			ExecutionOrderSort (0ms)
			DisableScriptedObjects (5ms)
			BackupInstance (0ms)
			ReleaseScriptingObjects (0ms)
			CreateAndSetChildDomain (19ms)
		EndReloadAssembly (1053ms)
			LoadAssemblies (97ms)
			RebuildTransferFunctionScriptingTraits (0ms)
			SetupTypeCache (340ms)
			ReleaseScriptCaches (1ms)
			RebuildScriptCaches (50ms)
			SetupLoadedEditorAssemblies (441ms)
				LogAssemblyErrors (0ms)
				InitializePlatformSupportModulesInManaged (4ms)
				SetLoadedEditorAssemblies (0ms)
				RefreshPlugins (55ms)
				BeforeProcessingInitializeOnLoad (82ms)
				ProcessInitializeOnLoadAttributes (271ms)
				ProcessInitializeOnLoadMethodAttributes (20ms)
				AfterProcessingInitializeOnLoad (8ms)
				EditorAssembliesLoaded (0ms)
			ExecutionOrderSort2 (0ms)
			AwakeInstancesAfterBackupRestoration (7ms)
Platform modules already initialized, skipping
========================================================================
Worker process is ready to serve import requests
Launched and connected shader compiler UnityShaderCompiler.exe after 0.07 seconds
Refreshing native plugins compatible for Editor in 0.52 ms, found 3 plugins.
Preloading 0 native plugins for Editor in 0.00 ms.
Unloading 2182 Unused Serialized files (Serialized files now loaded: 0)
System memory in use before: 95.4 MB.
System memory in use after: 95.5 MB.

Unloading 28 unused Assets to reduce memory usage. Loaded Objects now: 2615.
Total: 3.293500 ms (FindLiveObjects: 0.168000 ms CreateObjectMapping: 0.076300 ms MarkObjects: 2.976900 ms  DeleteObjects: 0.071200 ms)

AssetImportParameters requested are different than current active one (requested -> active):
  custom:framework-win-MediaFoundation: 216162199b28c13a410421893ffa2e32 -> 
  custom:video-decoder-ogg-theora: a1e56fd34408186e4bbccfd4996cb3dc -> 
  custom:container-muxer-webm: aa71ff27fc2769a1b78a27578f13a17b -> 
  custom:container-demuxer-webm: 4f35f7cbe854078d1ac9338744f61a02 -> 
  custom:container-demuxer-ogg: 62fdf1f143b41e24485cea50d1cbac27 -> 
  custom:video-encoder-webm-vp8: eb34c28f22e8b96e1ab97ce403110664 -> 
  custom:video-decoder-webm-vp8: 9c59270c3fd7afecdb556c50c9e8de78 -> 
  custom:audio-decoder-ogg-vorbis: bf7c407c2cedff20999df2af8eb42d56 -> 
  custom:audio-encoder-webm-vorbis: bf7c407c2cedff20999df2af8eb42d56 -> 
========================================================================
Received Import Request.
  path: Assets/Palettes/Sprites/terrain_3.png
  artifactKey: Guid(5186e57da0afe4642aa552cefedd1c80) Importer(815301076,1909f56bfc062723c751e8b465ee728b)
Start importing Assets/Palettes/Sprites/terrain_3.png using Guid(5186e57da0afe4642aa552cefedd1c80) Importer(815301076,1909f56bfc062723c751e8b465ee728b)  -> (artifact id: '42981d568320c14e993b5d2329851455') in 0.327441 seconds 
  Import took 0.330704 seconds .

========================================================================
Received Import Request.
  Time since last request: 8.208347 seconds.
  path: Assets/Palettes/Sprites/terrain_3.png
  artifactKey: Guid(5186e57da0afe4642aa552cefedd1c80) Importer(815301076,1909f56bfc062723c751e8b465ee728b)
Start importing Assets/Palettes/Sprites/terrain_3.png using Guid(5186e57da0afe4642aa552cefedd1c80) Importer(815301076,1909f56bfc062723c751e8b465ee728b)  -> (artifact id: '6ceb2e31a813018cf99efefa81a4c576') in 0.029691 seconds 
  Import took 0.032859 seconds .

========================================================================
Received Import Request.
  Time since last request: 5.700221 seconds.
  path: Assets/Palettes/Sprites/terrain_3.png
  artifactKey: Guid(5186e57da0afe4642aa552cefedd1c80) Importer(815301076,1909f56bfc062723c751e8b465ee728b)
Start importing Assets/Palettes/Sprites/terrain_3.png using Guid(5186e57da0afe4642aa552cefedd1c80) Importer(815301076,1909f56bfc062723c751e8b465ee728b)  -> (artifact id: '199f8303114a359104fcaae6aa819cfa') in 0.014926 seconds 
  Import took 0.019537 seconds .

========================================================================
Received Import Request.
  Time since last request: 26.648294 seconds.
  path: Assets/Palettes/Sprites/terrain_3.png
  artifactKey: Guid(5186e57da0afe4642aa552cefedd1c80) Importer(815301076,1909f56bfc062723c751e8b465ee728b)
Start importing Assets/Palettes/Sprites/terrain_3.png using Guid(5186e57da0afe4642aa552cefedd1c80) Importer(815301076,1909f56bfc062723c751e8b465ee728b)  -> (artifact id: '3491c3ac847b23f0ffb8d978b477e59c') in 0.473097 seconds 
  Import took 0.477122 seconds .

========================================================================
Received Import Request.
  Time since last request: 125.024297 seconds.
  path: Assets/Palettes/Sprites/terrain_3.png
  artifactKey: Guid(5186e57da0afe4642aa552cefedd1c80) Importer(815301076,1909f56bfc062723c751e8b465ee728b)
Start importing Assets/Palettes/Sprites/terrain_3.png using Guid(5186e57da0afe4642aa552cefedd1c80) Importer(815301076,1909f56bfc062723c751e8b465ee728b)  -> (artifact id: '9ebf3af513980cc328239839175b5316') in 5.457115 seconds 
  Import took 5.500133 seconds .

AssetImportWorkerClient::OnTransportError - code=2 error=End of file
